<?xml version="1.0" encoding="UTF-8"?>
<!-- Generated by org.testng.reporters.JUnitReportReporter -->
<testsuite skipped="0" hostname="LAPTOP-0IM9UDLM" name="com.GoogleSearch.qa.testcases.searchDucksTestcase" tests="2" failures="0" timestamp="2021-06-10T13:17:24 EDT" time="10.484" errors="0">
  <testcase name="validatePageTitleTest" time="4.769" classname="com.GoogleSearch.qa.testcases.searchDucksTestcase"/>
  <system-out/>
  <testcase name="searchDucksTest" time="5.715" classname="com.GoogleSearch.qa.testcases.searchDucksTestcase"/>
  <system-out/>
</testsuite> <!-- com.GoogleSearch.qa.testcases.searchDucksTestcase -->
